0.240025 127
11.680668 1
0.248014 1
0.138008 1
0.138008 1
0.105006 1
1.934110 1
0.203012 132
1.281073 1
0.217013 1
0.115006 1
0.175010 1
0.092005 1
0.306018 1
0.288016 132
2.882165 1
0.162010 1
0.203011 1
0.316018 1
2.480142 1
0.090005 1
0.182011 1
0.163009 8
0.630036 2
0.049003 127
1.630093 1
0.138008 1
0.126007 1
0.232013 1
1.470084 1
0.105006 1
0.150009 1
0.132008 12
0.520029 2
0.046003 256
0.001000 230
0.000000 127
3.031173 1
0.138008 1
0.182011 1
0.360020 1
2.640151 1
0.460027 256
0.000000 43
1.740099 1
1.344077 1
0.391022 1
0.264015 2
0.610035 2
0.034002 256
0.000000 256
0.000000 256
0.000000 256
0.000000 112
0.002000 127
0.933054 1
0.256014 1
0.144009 1
0.210012 1
0.361020 8
